# JRE version: Java(TM) SE Runtime Environment (17.0.1+12) (build 17.0.1+12-LTS-39)
# Java VM: Java HotSpot(TM) 64-Bit Server VM (17.0.1+12-LTS-39, mixed mode, sharing, tiered, compressed oops, compressed class ptrs, g1 gc, windows-amd64)
GC Precious Log:
 CPUs: 4 total, 4 available
 Memory: 16256M
 Large Page Support: Disabled
 NUMA Support: Disabled
 Compressed Oops: Enabled (Zero based)
 Heap Region Size: 4M
 Heap Min Capacity: 8M
 Heap Initial Capacity: 256M
 Heap Max Capacity: 4608M
 Pre-touch: Disabled
 Parallel Workers: 4
 Concurrent Workers: 1
 Concurrent Refinement Workers: 4
 Periodic GC: Disabled
Heap:
 garbage-first heap   total 2011136K, used 965159K [0x00000006e0000000, 0x0000000800000000)
  region size 4096K, 1 young (4096K), 1 survivors (4096K)
 Metaspace       used 168425K, committed 171072K, reserved 1204224K
  class space    used 21198K, committed 22464K, reserved 1048576K
GC Heap History (20 events):
Event: 3632.820 GC heap after
{Heap after GC invocations=95 (full 0):
 garbage-first heap   total 1241088K, used 677888K [0x00000006e0000000, 0x0000000800000000)
  region size 4096K, 3 young (12288K), 3 survivors (12288K)
 Metaspace       used 168294K, committed 171008K, reserved 1204224K
  class space    used 21190K, committed 22464K, reserved 1048576K
}
Event: 3633.869 GC heap before
{Heap before GC invocations=95 (full 0):
 garbage-first heap   total 1241088K, used 788480K [0x00000006e0000000, 0x0000000800000000)
  region size 4096K, 30 young (122880K), 3 survivors (12288K)
 Metaspace       used 168339K, committed 171072K, reserved 1204224K
  class space    used 21190K, committed 22464K, reserved 1048576K
}
Event: 3634.004 GC heap after
{Heap after GC invocations=96 (full 0):
 garbage-first heap   total 1241088K, used 735232K [0x00000006e0000000, 0x0000000800000000)
  region size 4096K, 4 young (16384K), 4 survivors (16384K)
 Metaspace       used 168339K, committed 171072K, reserved 1204224K
  class space    used 21190K, committed 22464K, reserved 1048576K
}
Event: 3635.074 GC heap before
{Heap before GC invocations=96 (full 0):
 garbage-first heap   total 1241088K, used 780288K [0x00000006e0000000, 0x0000000800000000)
  region size 4096K, 15 young (61440K), 4 survivors (16384K)
 Metaspace       used 168346K, committed 171072K, reserved 1204224K
  class space    used 21190K, committed 22464K, reserved 1048576K
}
Event: 3635.164 GC heap after
{Heap after GC invocations=97 (full 0):
 garbage-first heap   total 1241088K, used 763904K [0x00000006e0000000, 0x0000000800000000)
  region size 4096K, 2 young (8192K), 2 survivors (8192K)
 Metaspace       used 168346K, committed 171072K, reserved 1204224K
  class space    used 21190K, committed 22464K, reserved 1048576K
}
Event: 3635.896 GC heap before
{Heap before GC invocations=97 (full 0):
 garbage-first heap   total 1331200K, used 804864K [0x00000006e0000000, 0x0000000800000000)
  region size 4096K, 15 young (61440K), 2 survivors (8192K)
 Metaspace       used 168346K, committed 171072K, reserved 1204224K
  class space    used 21190K, committed 22464K, reserved 1048576K
}
Event: 3636.001 GC heap after
{Heap after GC invocations=98 (full 0):
 garbage-first heap   total 2011136K, used 782336K [0x00000006e0000000, 0x0000000800000000)
  region size 4096K, 2 young (8192K), 2 survivors (8192K)
 Metaspace       used 168346K, committed 171072K, reserved 1204224K
  class space    used 21190K, committed 22464K, reserved 1048576K
}
Event: 3636.942 GC heap before
{Heap before GC invocations=99 (full 0):
 garbage-first heap   total 2011136K, used 872448K [0x00000006e0000000, 0x0000000800000000)
  region size 4096K, 24 young (98304K), 2 survivors (8192K)
 Metaspace       used 168348K, committed 171072K, reserved 1204224K
  class space    used 21190K, committed 22464K, reserved 1048576K
}
Event: 3637.063 GC heap after
{Heap after GC invocations=100 (full 0):
 garbage-first heap   total 2011136K, used 832980K [0x00000006e0000000, 0x0000000800000000)
  region size 4096K, 3 young (12288K), 3 survivors (12288K)
 Metaspace       used 168348K, committed 171072K, reserved 1204224K
  class space    used 21190K, committed 22464K, reserved 1048576K
}
Event: 3637.498 GC heap before
{Heap before GC invocations=100 (full 0):
 garbage-first heap   total 2011136K, used 918996K [0x00000006e0000000, 0x0000000800000000)
  region size 4096K, 24 young (98304K), 3 survivors (12288K)
 Metaspace       used 168349K, committed 171072K, reserved 1204224K
  class space    used 21190K, committed 22464K, reserved 1048576K
}
Event: 3637.636 GC heap after
{Heap after GC invocations=101 (full 0):
 garbage-first heap   total 2011136K, used 862183K [0x00000006e0000000, 0x0000000800000000)
  region size 4096K, 3 young (12288K), 3 survivors (12288K)
 Metaspace       used 168349K, committed 171072K, reserved 1204224K
  class space    used 21190K, committed 22464K, reserved 1048576K
}
Event: 3637.824 GC heap before
{Heap before GC invocations=101 (full 0):
 garbage-first heap   total 2011136K, used 944103K [0x00000006e0000000, 0x0000000800000000)
  region size 4096K, 24 young (98304K), 3 survivors (12288K)
 Metaspace       used 168349K, committed 171072K, reserved 1204224K
  class space    used 21190K, committed 22464K, reserved 1048576K
}
Event: 3637.927 GC heap after
{Heap after GC invocations=102 (full 0):
 garbage-first heap   total 2011136K, used 915456K [0x00000006e0000000, 0x0000000800000000)
  region size 4096K, 3 young (12288K), 3 survivors (12288K)
 Metaspace       used 168349K, committed 171072K, reserved 1204224K
  class space    used 21190K, committed 22464K, reserved 1048576K
}
Event: 3639.281 GC heap before
{Heap before GC invocations=102 (full 0):
 garbage-first heap   total 2011136K, used 997376K [0x00000006e0000000, 0x0000000800000000)
  region size 4096K, 24 young (98304K), 3 survivors (12288K)
 Metaspace       used 168411K, committed 171072K, reserved 1204224K
  class space    used 21193K, committed 22464K, reserved 1048576K
}
Event: 3639.341 GC heap after
{Heap after GC invocations=103 (full 0):
 garbage-first heap   total 2011136K, used 939008K [0x00000006e0000000, 0x0000000800000000)
  region size 4096K, 3 young (12288K), 3 survivors (12288K)
 Metaspace       used 168411K, committed 171072K, reserved 1204224K
  class space    used 21193K, committed 22464K, reserved 1048576K
}
Event: 3639.763 GC heap before
{Heap before GC invocations=103 (full 0):
 garbage-first heap   total 2011136K, used 1020928K [0x00000006e0000000, 0x0000000800000000)
  region size 4096K, 24 young (98304K), 3 survivors (12288K)
 Metaspace       used 168411K, committed 171072K, reserved 1204224K
  class space    used 21193K, committed 22464K, reserved 1048576K
}
Event: 3639.846 GC heap after
{Heap after GC invocations=104 (full 0):
 garbage-first heap   total 2011136K, used 962483K [0x00000006e0000000, 0x0000000800000000)
  region size 4096K, 3 young (12288K), 3 survivors (12288K)
 Metaspace       used 168411K, committed 171072K, reserved 1204224K
  class space    used 21193K, committed 22464K, reserved 1048576K
}
Event: 3641.216 GC heap before
{Heap before GC invocations=104 (full 0):
 garbage-first heap   total 2011136K, used 1044403K [0x00000006e0000000, 0x0000000800000000)
  region size 4096K, 24 young (98304K), 3 survivors (12288K)
 Metaspace       used 168424K, committed 171072K, reserved 1204224K
  class space    used 21198K, committed 22464K, reserved 1048576K
}
Event: 3641.262 GC heap after
{Heap after GC invocations=105 (full 0):
 garbage-first heap   total 2011136K, used 966123K [0x00000006e0000000, 0x0000000800000000)
  region size 4096K, 1 young (4096K), 1 survivors (4096K)
 Metaspace       used 168424K, committed 171072K, reserved 1204224K
  class space    used 21198K, committed 22464K, reserved 1048576K
}
Event: 3642.007 GC heap before
{Heap before GC invocations=105 (full 0):
 garbage-first heap   total 2011136K, used 1064427K [0x00000006e0000000, 0x0000000800000000)
  region size 4096K, 25 young (102400K), 1 survivors (4096K)
 Metaspace       used 168425K, committed 171072K, reserved 1204224K
  class space    used 21198K, committed 22464K, reserved 1048576K
}

